<?xml version="1.0" encoding="UTF-8"?>
<!-- Generated by org.testng.reporters.JUnitReportReporter -->
<testsuite skipped="0" hostname="DESKTOP-EGK43AC" name="TestScript2" tests="1" failures="0" timestamp="23 Jun 2023 20:14:18 GMT" time="1.013" errors="0">
  <testcase name="contactUsTest" time="1.013" classname="TestScript2"/>
</testsuite> <!-- TestScript2 -->
