<?xml version="1.0" encoding="UTF-8"?>
<!-- Generated by org.testng.reporters.JUnitReportReporter -->
<testsuite skipped="0" hostname="DESKTOP-EGK43AC" name="TestScript1" tests="1" failures="0" timestamp="23 Jun 2023 20:14:18 GMT" time="2.065" errors="0">
  <testcase name="clickOnBookSession" time="2.065" classname="TestScript1"/>
</testsuite> <!-- TestScript1 -->
